<?xml version="1.0" encoding="UTF-8"?>
<testsuites>
  <testsuite name="fastlane.lanes">
    
    
    
      
      <testcase classname="fastlane.lanes" name="0: default_platform" time="0.001538">
        
      </testcase>
    
      
      <testcase classname="fastlane.lanes" name="1: clean assembleRelease" time="23.541609">
        
          <failure message="/Library/Ruby/Gems/2.6.0/gems/fastlane-2.146.1/fastlane/lib/fastlane/actions/actions_helper.rb:48:in `execute_action'&#10;/Library/Ruby/Gems/2.6.0/gems/fastlane-2.146.1/fastlane/lib/fastlane/runner.rb:253:in `block in execute_action'&#10;/Library/Ruby/Gems/2.6.0/gems/fastlane-2.146.1/fastlane/lib/fastlane/runner.rb:227:in `chdir'&#10;/Library/Ruby/Gems/2.6.0/gems/fastlane-2.146.1/fastlane/lib/fastlane/runner.rb:227:in `execute_action'&#10;/Library/Ruby/Gems/2.6.0/gems/fastlane-2.146.1/fastlane/lib/fastlane/runner.rb:157:in `trigger_action_by_name'&#10;/Library/Ruby/Gems/2.6.0/gems/fastlane-2.146.1/fastlane/lib/fastlane/fast_file.rb:159:in `method_missing'&#10;Fastfile:26:in `block (2 levels) in parsing_binding'&#10;/Library/Ruby/Gems/2.6.0/gems/fastlane-2.146.1/fastlane/lib/fastlane/lane.rb:33:in `call'&#10;/Library/Ruby/Gems/2.6.0/gems/fastlane-2.146.1/fastlane/lib/fastlane/runner.rb:49:in `block in execute'&#10;/Library/Ruby/Gems/2.6.0/gems/fastlane-2.146.1/fastlane/lib/fastlane/runner.rb:45:in `chdir'&#10;/Library/Ruby/Gems/2.6.0/gems/fastlane-2.146.1/fastlane/lib/fastlane/runner.rb:45:in `execute'&#10;/Library/Ruby/Gems/2.6.0/gems/fastlane-2.146.1/fastlane/lib/fastlane/lane_manager.rb:56:in `cruise_lane'&#10;/Library/Ruby/Gems/2.6.0/gems/fastlane-2.146.1/fastlane/lib/fastlane/command_line_handler.rb:36:in `handle'&#10;/Library/Ruby/Gems/2.6.0/gems/fastlane-2.146.1/fastlane/lib/fastlane/commands_generator.rb:108:in `block (2 levels) in run'&#10;/Library/Ruby/Gems/2.6.0/gems/commander-fastlane-4.4.6/lib/commander/command.rb:178:in `call'&#10;/Library/Ruby/Gems/2.6.0/gems/commander-fastlane-4.4.6/lib/commander/command.rb:153:in `run'&#10;/Library/Ruby/Gems/2.6.0/gems/commander-fastlane-4.4.6/lib/commander/runner.rb:476:in `run_active_command'&#10;/Library/Ruby/Gems/2.6.0/gems/fastlane-2.146.1/fastlane_core/lib/fastlane_core/ui/fastlane_runner.rb:76:in `run!'&#10;/Library/Ruby/Gems/2.6.0/gems/commander-fastlane-4.4.6/lib/commander/delegates.rb:15:in `run!'&#10;/Library/Ruby/Gems/2.6.0/gems/fastlane-2.146.1/fastlane/lib/fastlane/commands_generator.rb:349:in `run'&#10;/Library/Ruby/Gems/2.6.0/gems/fastlane-2.146.1/fastlane/lib/fastlane/commands_generator.rb:41:in `start'&#10;/Library/Ruby/Gems/2.6.0/gems/fastlane-2.146.1/fastlane/lib/fastlane/cli_tools_distributor.rb:119:in `take_off'&#10;/Library/Ruby/Gems/2.6.0/gems/fastlane-2.146.1/bin/fastlane:23:in `&lt;top (required)&gt;'&#10;/usr/local/bin/fastlane:23:in `load'&#10;/usr/local/bin/fastlane:23:in `&lt;top (required)&gt;'&#10;/System/Library/Frameworks/Ruby.framework/Versions/2.6/usr/lib/ruby/2.6.0/bundler/cli/exec.rb:74:in `load'&#10;/System/Library/Frameworks/Ruby.framework/Versions/2.6/usr/lib/ruby/2.6.0/bundler/cli/exec.rb:74:in `kernel_load'&#10;/System/Library/Frameworks/Ruby.framework/Versions/2.6/usr/lib/ruby/2.6.0/bundler/cli/exec.rb:28:in `run'&#10;/System/Library/Frameworks/Ruby.framework/Versions/2.6/usr/lib/ruby/2.6.0/bundler/cli.rb:463:in `exec'&#10;/System/Library/Frameworks/Ruby.framework/Versions/2.6/usr/lib/ruby/2.6.0/bundler/vendor/thor/lib/thor/command.rb:27:in `run'&#10;/System/Library/Frameworks/Ruby.framework/Versions/2.6/usr/lib/ruby/2.6.0/bundler/vendor/thor/lib/thor/invocation.rb:126:in `invoke_command'&#10;/System/Library/Frameworks/Ruby.framework/Versions/2.6/usr/lib/ruby/2.6.0/bundler/vendor/thor/lib/thor.rb:387:in `dispatch'&#10;/System/Library/Frameworks/Ruby.framework/Versions/2.6/usr/lib/ruby/2.6.0/bundler/cli.rb:27:in `dispatch'&#10;/System/Library/Frameworks/Ruby.framework/Versions/2.6/usr/lib/ruby/2.6.0/bundler/vendor/thor/lib/thor/base.rb:466:in `start'&#10;/System/Library/Frameworks/Ruby.framework/Versions/2.6/usr/lib/ruby/2.6.0/bundler/cli.rb:18:in `start'&#10;/Library/Ruby/Gems/2.6.0/gems/bundler-1.17.2/exe/bundle:30:in `block in &lt;top (required)&gt;'&#10;/System/Library/Frameworks/Ruby.framework/Versions/2.6/usr/lib/ruby/2.6.0/bundler/friendly_errors.rb:124:in `with_friendly_errors'&#10;/Library/Ruby/Gems/2.6.0/gems/bundler-1.17.2/exe/bundle:22:in `&lt;top (required)&gt;'&#10;/usr/bin/bundle:23:in `load'&#10;/usr/bin/bundle:23:in `&lt;main&gt;'&#10;&#10;Exit status of command '/Users/proyecto_avas_intercultural/Documents/flutter/InCities_AR/android/gradlew clean assembleRelease -p .' was 1 instead of 0.&#10;&#10;&gt; Configure project :arkit_plugin&#10;Sceneform dependencies are only automatically injected into Android projects.&#10;&#10;&gt; Task :clean&#10;&gt; Task :app:clean UP-TO-DATE&#10;&gt; Task :arcore_flutter_plugin:clean UP-TO-DATE&#10;&gt; Task :arkit_plugin:clean UP-TO-DATE&#10;&gt; Task :fluttertoast:clean UP-TO-DATE&#10;&gt; Task :app:compileFlutterBuildRelease&#10;&gt; Task :app:packLibsflutterBuildRelease&#10;&gt; Task :app:preBuild UP-TO-DATE&#10;&gt; Task :app:preReleaseBuild UP-TO-DATE&#10;&gt; Task :arcore_flutter_plugin:preBuild UP-TO-DATE&#10;&gt; Task :arcore_flutter_plugin:preReleaseBuild UP-TO-DATE&#10;&gt; Task :arkit_plugin:preBuild UP-TO-DATE&#10;&gt; Task :arkit_plugin:preReleaseBuild UP-TO-DATE&#10;&gt; Task :arkit_plugin:compileReleaseAidl NO-SOURCE&#10;&gt; Task :fluttertoast:preBuild UP-TO-DATE&#10;&gt; Task :fluttertoast:preReleaseBuild UP-TO-DATE&#10;&gt; Task :fluttertoast:compileReleaseAidl NO-SOURCE&#10;&gt; Task :arcore_flutter_plugin:packageReleaseRenderscript NO-SOURCE&#10;&gt; Task :arkit_plugin:packageReleaseRenderscript NO-SOURCE&#10;&gt; Task :fluttertoast:packageReleaseRenderscript NO-SOURCE&#10;&gt; Task :app:compileReleaseRenderscript NO-SOURCE&#10;&gt; Task :app:checkReleaseManifest&#10;&gt; Task :app:generateReleaseBuildConfig&#10;&gt; Task :arcore_flutter_plugin:compileReleaseAidl NO-SOURCE&#10;&gt; Task :app:compileReleaseAidl NO-SOURCE&#10;&gt; Task :app:cleanMergeReleaseAssets UP-TO-DATE&#10;&gt; Task :app:mergeReleaseShaders&#10;&gt; Task :app:compileReleaseShaders&#10;&gt; Task :app:generateReleaseAssets&#10;&gt; Task :arcore_flutter_plugin:mergeReleaseShaders&#10;&gt; Task :arcore_flutter_plugin:compileReleaseShaders&#10;&gt; Task :arcore_flutter_plugin:generateReleaseAssets&#10;&gt; Task :arcore_flutter_plugin:packageReleaseAssets&#10;&gt; Task :arkit_plugin:mergeReleaseShaders&#10;&gt; Task :arkit_plugin:compileReleaseShaders&#10;&gt; Task :arkit_plugin:generateReleaseAssets&#10;&gt; Task :arkit_plugin:packageReleaseAssets&#10;&gt; Task :fluttertoast:mergeReleaseShaders&#10;&gt; Task :fluttertoast:compileReleaseShaders&#10;&gt; Task :fluttertoast:generateReleaseAssets&#10;&gt; Task :fluttertoast:packageReleaseAssets&#10;&gt; Task :app:mergeReleaseAssets&#10;&gt; Task :app:copyFlutterAssetsRelease&#10;&gt; Task :app:mainApkListPersistenceRelease&#10;&gt; Task :app:generateReleaseResValues&#10;&gt; Task :app:generateReleaseResources&#10;&#10;&gt; Task :app:processReleaseGoogleServices&#10;Parsing json file: /Users/proyecto_avas_intercultural/Documents/flutter/InCities_AR/android/app/google-services.json&#10;&#10;&gt; Task :arcore_flutter_plugin:generateReleaseResValues&#10;&gt; Task :arkit_plugin:generateReleaseResValues&#10;&gt; Task :arkit_plugin:compileReleaseRenderscript NO-SOURCE&#10;&gt; Task :arcore_flutter_plugin:compileReleaseRenderscript NO-SOURCE&#10;&gt; Task :arcore_flutter_plugin:generateReleaseResources&#10;&gt; Task :arcore_flutter_plugin:packageReleaseResources&#10;&gt; Task :arkit_plugin:generateReleaseResources&#10;&gt; Task :arkit_plugin:packageReleaseResources&#10;&gt; Task :fluttertoast:generateReleaseResValues&#10;&gt; Task :fluttertoast:compileReleaseRenderscript NO-SOURCE&#10;&gt; Task :fluttertoast:generateReleaseResources&#10;&gt; Task :fluttertoast:packageReleaseResources&#10;&gt; Task :app:createReleaseCompatibleScreenManifests&#10;&gt; Task :arcore_flutter_plugin:checkReleaseManifest&#10;&gt; Task :arkit_plugin:checkReleaseManifest&#10;&gt; Task :arcore_flutter_plugin:processReleaseManifest&#10;&gt; Task :fluttertoast:checkReleaseManifest&#10;&gt; Task :arkit_plugin:processReleaseManifest&#10;&gt; Task :fluttertoast:processReleaseManifest&#10;&#10;&gt; Task :app:processReleaseManifest&#10;/Users/proyecto_avas_intercultural/Documents/flutter/InCities_AR/android/app/src/main/AndroidManifest.xml:25:5-66:19 Warning:&#10;	application@android:label was tagged at AndroidManifest.xml:25 to replace other declarations but no other declaration present&#10;&#10;&gt; Task :arkit_plugin:parseReleaseLibraryResources&#10;&gt; Task :arcore_flutter_plugin:parseReleaseLibraryResources&#10;&gt; Task :app:mergeReleaseResources&#10;&gt; Task :fluttertoast:parseReleaseLibraryResources&#10;&gt; Task :arkit_plugin:generateReleaseRFile&#10;&gt; Task :fluttertoast:generateReleaseRFile&#10;&gt; Task :arcore_flutter_plugin:generateReleaseRFile&#10;&gt; Task :app:processReleaseResources&#10;&gt; Task :arcore_flutter_plugin:generateReleaseBuildConfig&#10;&gt; Task :arkit_plugin:generateReleaseBuildConfig&#10;&#10;&gt; Task :arcore_flutter_plugin:compileReleaseKotlin&#10;w: /Users/proyecto_avas_intercultural/Documents/Development/flutter/.pub-cache/hosted/pub.dartlang.org/arcore_flutter_plugin-0.0.5+1/android/src/main/kotlin/com/difrancescogianmarco/arcore_flutter_plugin/ArCoreFaceView.kt: (32, 60): Parameter 'frameTime' is never used, could be renamed to _&#10;w: /Users/proyecto_avas_intercultural/Documents/Development/flutter/.pub-cache/hosted/pub.dartlang.org/arcore_flutter_plugin-0.0.5+1/android/src/main/kotlin/com/difrancescogianmarco/arcore_flutter_plugin/ArCoreView.kt: (68, 56): Parameter 'frameTime' is never used, could be renamed to _&#10;w: /Users/proyecto_avas_intercultural/Documents/Development/flutter/.pub-cache/hosted/pub.dartlang.org/arcore_flutter_plugin-0.0.5+1/android/src/main/kotlin/com/difrancescogianmarco/arcore_flutter_plugin/ArCoreView.kt: (91, 60): Parameter 'frameTime' is never used, could be renamed to _&#10;w: /Users/proyecto_avas_intercultural/Documents/Development/flutter/.pub-cache/hosted/pub.dartlang.org/arcore_flutter_plugin-0.0.5+1/android/src/main/kotlin/com/difrancescogianmarco/arcore_flutter_plugin/ArCoreView.kt: (159, 42): Unchecked cast: Any! to kotlin.collections.HashMap&lt;String, Any&gt; /* = java.util.HashMap&lt;String, Any&gt; */&#10;w: /Users/proyecto_avas_intercultural/Documents/Development/flutter/.pub-cache/hosted/pub.dartlang.org/arcore_flutter_plugin-0.0.5+1/android/src/main/kotlin/com/difrancescogianmarco/arcore_flutter_plugin/ArCoreView.kt: (165, 42): Unchecked cast: Any! to kotlin.collections.HashMap&lt;String, Any&gt; /* = java.util.HashMap&lt;String, Any&gt; */&#10;w: /Users/proyecto_avas_intercultural/Documents/Development/flutter/.pub-cache/hosted/pub.dartlang.org/arcore_flutter_plugin-0.0.5+1/android/src/main/kotlin/com/difrancescogianmarco/arcore_flutter_plugin/ArCoreView.kt: (171, 42): Unchecked cast: Any! to kotlin.collections.HashMap&lt;String, Any&gt; /* = java.util.HashMap&lt;String, Any&gt; */&#10;w: /Users/proyecto_avas_intercultural/Documents/Development/flutter/.pub-cache/hosted/pub.dartlang.org/arcore_flutter_plugin-0.0.5+1/android/src/main/kotlin/com/difrancescogianmarco/arcore_flutter_plugin/ArCoreView.kt: (189, 42): Unchecked cast: Any! to kotlin.collections.HashMap&lt;String, Any&gt; /* = java.util.HashMap&lt;String, Any&gt; */&#10;w: /Users/proyecto_avas_intercultural/Documents/Development/flutter/.pub-cache/hosted/pub.dartlang.org/arcore_flutter_plugin-0.0.5+1/android/src/main/kotlin/com/difrancescogianmarco/arcore_flutter_plugin/ArCoreView.kt: (221, 32): Parameter 'context' is never used&#10;w: /Users/proyecto_avas_intercultural/Documents/Development/flutter/.pub-cache/hosted/pub.dartlang.org/arcore_flutter_plugin-0.0.5+1/android/src/main/kotlin/com/difrancescogianmarco/arcore_flutter_plugin/ArCoreView.kt: (282, 80): Parameter 'context' is never used&#10;w: /Users/proyecto_avas_intercultural/Documents/Development/flutter/.pub-cache/hosted/pub.dartlang.org/arcore_flutter_plugin-0.0.5+1/android/src/main/kotlin/com/difrancescogianmarco/arcore_flutter_plugin/ArCoreView.kt: (315, 110): Parameter 't' is never used, could be renamed to _&#10;w: /Users/proyecto_avas_intercultural/Documents/Development/flutter/.pub-cache/hosted/pub.dartlang.org/arcore_flutter_plugin-0.0.5+1/android/src/main/kotlin/com/difrancescogianmarco/arcore_flutter_plugin/ArCoreView.kt: (339, 86): Parameter 'throwable' is never used, could be renamed to _&#10;w: /Users/proyecto_avas_intercultural/Documents/Development/flutter/.pub-cache/hosted/pub.dartlang.org/arcore_flutter_plugin-0.0.5+1/android/src/main/kotlin/com/difrancescogianmarco/arcore_flutter_plugin/BaseArCoreView.kt: (36, 32): Parameter 'context' is never used&#10;w: /Users/proyecto_avas_intercultural/Documents/Development/flutter/.pub-cache/hosted/pub.dartlang.org/arcore_flutter_plugin-0.0.5+1/android/src/main/kotlin/com/difrancescogianmarco/arcore_flutter_plugin/MaterialCustomFactory.kt: (82, 45): Unchecked cast: Any? to kotlin.collections.ArrayList&lt;Int&gt; /* = java.util.ArrayList&lt;Int&gt; */&#10;w: /Users/proyecto_avas_intercultural/Documents/Development/flutter/.pub-cache/hosted/pub.dartlang.org/arcore_flutter_plugin-0.0.5+1/android/src/main/kotlin/com/difrancescogianmarco/arcore_flutter_plugin/MaterialCustomFactory.kt: (97, 81): Unchecked cast: Any? to kotlin.collections.ArrayList&lt;Int&gt; /* = java.util.ArrayList&lt;Int&gt; */&#10;w: /Users/proyecto_avas_intercultural/Documents/Development/flutter/.pub-cache/hosted/pub.dartlang.org/arcore_flutter_plugin-0.0.5+1/android/src/main/kotlin/com/difrancescogianmarco/arcore_flutter_plugin/RenderableCustomFactory.kt: (66, 70): Parameter 'throwable' is never used, could be renamed to _&#10;w: /Users/proyecto_avas_intercultural/Documents/Development/flutter/.pub-cache/hosted/pub.dartlang.org/arcore_flutter_plugin-0.0.5+1/android/src/main/kotlin/com/difrancescogianmarco/arcore_flutter_plugin/flutter_models/FlutterArCoreMaterial.kt: (7, 46): Unchecked cast: Any? to kotlin.collections.ArrayList&lt;Int&gt; /* = java.util.ArrayList&lt;Int&gt; */&#10;w: /Users/proyecto_avas_intercultural/Documents/Development/flutter/.pub-cache/hosted/pub.dartlang.org/arcore_flutter_plugin-0.0.5+1/android/src/main/kotlin/com/difrancescogianmarco/arcore_flutter_plugin/flutter_models/FlutterArCoreNode.kt: (16, 60): Unchecked cast: Any? to kotlin.collections.HashMap&lt;String, *&gt; /* = java.util.HashMap&lt;String, *&gt; */&#10;w: /Users/proyecto_avas_intercultural/Documents/Development/flutter/.pub-cache/hosted/pub.dartlang.org/arcore_flutter_plugin-0.0.5+1/android/src/main/kotlin/com/difrancescogianmarco/arcore_flutter_plugin/flutter_models/FlutterArCoreNode.kt: (17, 58): Unchecked cast: Any? to kotlin.collections.HashMap&lt;String, *&gt; /* = java.util.HashMap&lt;String, *&gt; */&#10;w: /Users/proyecto_avas_intercultural/Documents/Development/flutter/.pub-cache/hosted/pub.dartlang.org/arcore_flutter_plugin-0.0.5+1/android/src/main/kotlin/com/difrancescogianmarco/arcore_flutter_plugin/flutter_models/FlutterArCoreNode.kt: (18, 52): Unchecked cast: Any? to kotlin.collections.HashMap&lt;String, *&gt; /* = java.util.HashMap&lt;String, *&gt; */&#10;w: /Users/proyecto_avas_intercultural/Documents/Development/flutter/.pub-cache/hosted/pub.dartlang.org/arcore_flutter_plugin-0.0.5+1/android/src/main/kotlin/com/difrancescogianmarco/arcore_flutter_plugin/flutter_models/FlutterArCoreNode.kt: (20, 64): Unchecked cast: Any? to kotlin.collections.HashMap&lt;String, Double&gt; /* = java.util.HashMap&lt;String, Double&gt; */&#10;w: /Users/proyecto_avas_intercultural/Documents/Development/flutter/.pub-cache/hosted/pub.dartlang.org/arcore_flutter_plugin-0.0.5+1/android/src/main/kotlin/com/difrancescogianmarco/arcore_flutter_plugin/flutter_models/FlutterArCoreNode.kt: (25, 85): Unchecked cast: Any? to kotlin.collections.ArrayList&lt;HashMap&lt;String, *&gt; /* = HashMap&lt;String, *&gt; */&gt; /* = java.util.ArrayList&lt;HashMap&lt;String, *&gt;&gt; */&#10;w: /Users/proyecto_avas_intercultural/Documents/Development/flutter/.pub-cache/hosted/pub.dartlang.org/arcore_flutter_plugin-0.0.5+1/android/src/main/kotlin/com/difrancescogianmarco/arcore_flutter_plugin/flutter_models/FlutterArCoreShape.kt: (12, 85): Unchecked cast: Any? to kotlin.collections.ArrayList&lt;HashMap&lt;String, *&gt; /* = HashMap&lt;String, *&gt; */&gt; /* = java.util.ArrayList&lt;HashMap&lt;String, *&gt;&gt; */&#10;w: /Users/proyecto_avas_intercultural/Documents/Development/flutter/.pub-cache/hosted/pub.dartlang.org/arcore_flutter_plugin-0.0.5+1/android/src/main/kotlin/com/difrancescogianmarco/arcore_flutter_plugin/flutter_models/FlutterArCoreShape.kt: (14, 56): Unchecked cast: Any? to kotlin.collections.HashMap&lt;String, Any&gt; /* = java.util.HashMap&lt;String, Any&gt; */&#10;w: /Users/proyecto_avas_intercultural/Documents/Development/flutter/.pub-cache/hosted/pub.dartlang.org/arcore_flutter_plugin-0.0.5+1/android/src/main/kotlin/com/difrancescogianmarco/arcore_flutter_plugin/models/RotatingNode.kt: (126, 54): Unchecked cast: Array&lt;Quaternion?&gt; to Array&lt;Any&gt;&#10;&#10;&gt; Task :fluttertoast:generateReleaseBuildConfig&#10;&gt; Task :arkit_plugin:javaPreCompileRelease&#10;&gt; Task :arkit_plugin:compileReleaseJavaWithJavac&#10;&gt; Task :arcore_flutter_plugin:javaPreCompileRelease&#10;&gt; Task :arcore_flutter_plugin:compileReleaseJavaWithJavac&#10;&gt; Task :arkit_plugin:bundleLibCompileRelease&#10;&gt; Task :fluttertoast:javaPreCompileRelease&#10;&gt; Task :fluttertoast:compileReleaseJavaWithJavac&#10;&gt; Task :arcore_flutter_plugin:bundleLibCompileRelease&#10;&gt; Task :fluttertoast:bundleLibCompileRelease&#10;&gt; Task :app:compileReleaseKotlin&#10;&gt; Task :app:prepareLintJar UP-TO-DATE&#10;&gt; Task :arcore_flutter_plugin:prepareLintJarForPublish UP-TO-DATE&#10;&gt; Task :arkit_plugin:prepareLintJarForPublish UP-TO-DATE&#10;&gt; Task :fluttertoast:prepareLintJarForPublish UP-TO-DATE&#10;&gt; Task :arkit_plugin:processReleaseJavaRes NO-SOURCE&#10;&gt; Task :fluttertoast:processReleaseJavaRes NO-SOURCE&#10;&gt; Task :arkit_plugin:bundleLibResRelease&#10;&gt; Task :fluttertoast:bundleLibResRelease&#10;&gt; Task :arcore_flutter_plugin:processReleaseJavaRes NO-SOURCE&#10;&gt; Task :arkit_plugin:bundleLibRuntimeRelease&#10;&gt; Task :arkit_plugin:createFullJarRelease&#10;&gt; Task :app:javaPreCompileRelease&#10;&#10;&gt; Task :app:compileReleaseJavaWithJavac FAILED&#10;/Users/proyecto_avas_intercultural/Documents/flutter/InCities_AR/android/app/src/main/java/com/example/kudan/ARActivity/MainActivity.java:19: error: package eu.kudan.kudan does not exist&#10;import eu.kudan.kudan.ARAPIKey;&#10;                     ^&#10;/Users/proyecto_avas_intercultural/Documents/flutter/InCities_AR/android/app/src/main/java/com/example/kudan/ARActivity/MainActivity.java:20: error: package eu.kudan.kudan does not exist&#10;import eu.kudan.kudan.ARActivity;&#10;                     ^&#10;/Users/proyecto_avas_intercultural/Documents/flutter/InCities_AR/android/app/src/main/java/com/example/kudan/ARActivity/MainActivity.java:21: error: package eu.kudan.kudan does not exist&#10;import eu.kudan.kudan.ARImageNode;&#10;                     ^&#10;/Users/proyecto_avas_intercultural/Documents/flutter/InCities_AR/android/app/src/main/java/com/example/kudan/ARActivity/MainActivity.java:22: error: package eu.kudan.kudan does not exist&#10;import eu.kudan.kudan.ARImageTrackable;&#10;                     ^&#10;/Users/proyecto_avas_intercultural/Documents/flutter/InCities_AR/android/app/src/main/java/com/example/kudan/ARActivity/MainActivity.java:23: error: package eu.kudan.kudan does not exist&#10;import eu.kudan.kudan.ARImageTrackableListener;&#10;                     ^&#10;/Users/proyecto_avas_intercultural/Documents/flutter/InCities_AR/android/app/src/main/java/com/example/kudan/ARActivity/MainActivity.java:24: error: package eu.kudan.kudan does not exist&#10;import eu.kudan.kudan.ARImageTracker;&#10;                     ^&#10;/Users/proyecto_avas_intercultural/Documents/flutter/InCities_AR/android/app/src/main/java/com/example/kudan/ARActivity/MainActivity.java:25: error: package eu.kudan.kudan does not exist&#10;import eu.kudan.kudan.ARTextureMaterial;&#10;                     ^&#10;/Users/proyecto_avas_intercultural/Documents/flutter/InCities_AR/android/app/src/main/java/com/example/kudan/ARActivity/MainActivity.java:26: error: package eu.kudan.kudan does not exist&#10;import eu.kudan.kudan.ARVideoNode;&#10;                     ^&#10;/Users/proyecto_avas_intercultural/Documents/flutter/InCities_AR/android/app/src/main/java/com/example/kudan/ARActivity/MainActivity.java:27: error: package eu.kudan.kudan does not exist&#10;import eu.kudan.kudan.ARVideoTexture;&#10;                     ^&#10;/Users/proyecto_avas_intercultural/Documents/flutter/InCities_AR/android/app/src/main/java/com/example/kudan/ARActivity/MainActivity.java:29: error: cannot find symbol&#10;public class MainActivity extends ARActivity implements ARImageTrackableListener&#10;                                  ^&#10;  symbol: class ARActivity&#10;/Users/proyecto_avas_intercultural/Documents/flutter/InCities_AR/android/app/src/main/java/com/example/kudan/ARActivity/MainActivity.java:29: error: cannot find symbol&#10;public class MainActivity extends ARActivity implements ARImageTrackableListener&#10;                                                        ^&#10;  symbol: class ARImageTrackableListener&#10;/Users/proyecto_avas_intercultural/Documents/flutter/InCities_AR/android/app/src/main/java/com/example/kudan/ARActivity/MainActivity.java:32: error: cannot find symbol&#10;    private ArrayList&lt;ARImageTrackable&gt; trackables;&#10;                      ^&#10;  symbol:   class ARImageTrackable&#10;  location: class MainActivity&#10;/Users/proyecto_avas_intercultural/Documents/flutter/InCities_AR/android/app/src/main/java/com/example/kudan/ARActivity/MainActivity.java:105: error: cannot find symbol&#10;    public void didDetect(ARImageTrackable arImageTrackable) {&#10;                          ^&#10;  symbol:   class ARImageTrackable&#10;  location: class MainActivity&#10;/Users/proyecto_avas_intercultural/Documents/flutter/InCities_AR/android/app/src/main/java/com/example/kudan/ARActivity/MainActivity.java:110: error: cannot find symbol&#10;    public void didLose(ARImageTrackable arImageTrackable) {&#10;                        ^&#10;  symbol:   class ARImageTrackable&#10;  location: class MainActivity&#10;/Users/proyecto_avas_intercultural/Documents/flutter/InCities_AR/android/app/src/main/java/com/example/kudan/ARActivity/MainActivity.java:115: error: cannot find symbol&#10;    public void didTrack(ARImageTrackable arImageTrackable) {&#10;                         ^&#10;  symbol:   class ARImageTrackable&#10;  location: class MainActivity&#10;/Users/proyecto_avas_intercultural/Documents/flutter/InCities_AR/android/app/src/main/java/com/example/kudan/IntentActivity.java:22: error: package eu.kudan.kudan does not exist&#10;import eu.kudan.kudan.ARAPIKey;&#10;                     ^&#10;/Users/proyecto_avas_intercultural/Documents/flutter/InCities_AR/android/app/src/main/java/com/example/kudan/ARActivity/MainActivity.java:34: error: method does not override or implement a method from a supertype&#10;    @Override&#10;    ^&#10;/Users/proyecto_avas_intercultural/Documents/flutter/InCities_AR/android/app/src/main/java/com/example/kudan/ARActivity/MainActivity.java:37: error: cannot find symbol&#10;        super.onCreate(savedInstanceState);&#10;        ^&#10;  symbol:   variable super&#10;  location: class MainActivity&#10;/Users/proyecto_avas_intercultural/Documents/flutter/InCities_AR/android/app/src/main/java/com/example/kudan/ARActivity/MainActivity.java:38: error: cannot find symbol&#10;        setContentView(R.layout.activity_ar_visor);&#10;        ^&#10;  symbol:   method setContentView(int)&#10;  location: class MainActivity&#10;/Users/proyecto_avas_intercultural/Documents/flutter/InCities_AR/android/app/src/main/java/com/example/kudan/ARActivity/MainActivity.java:46: error: cannot find symbol&#10;        super.setup();&#10;        ^&#10;  symbol:   variable super&#10;  location: class MainActivity&#10;/Users/proyecto_avas_intercultural/Documents/flutter/InCities_AR/android/app/src/main/java/com/example/kudan/ARActivity/MainActivity.java:104: error: method does not override or implement a method from a supertype&#10;    @Override&#10;    ^&#10;/Users/proyecto_avas_intercultural/Documents/flutter/InCities_AR/android/app/src/main/java/com/example/kudan/ARActivity/MainActivity.java:109: error: method does not override or implement a method from a supertype&#10;    @Override&#10;    ^&#10;/Users/proyecto_avas_intercultural/Documents/flutter/InCities_AR/android/app/src/main/java/com/example/kudan/ARActivity/MainActivity.java:114: error: method does not override or implement a method from a supertype&#10;    @Override&#10;    ^&#10;/Users/proyecto_avas_intercultural/Documents/flutter/InCities_AR/android/app/src/main/java/com/example/kudan/IntentActivity.java:33: error: cannot find symbol&#10;        ARAPIKey key = ARAPIKey.getInstance();&#10;        ^&#10;  symbol:   class ARAPIKey&#10;  location: class IntentActivity&#10;/Users/proyecto_avas_intercultural/Documents/flutter/InCities_AR/android/app/src/main/java/com/example/kudan/IntentActivity.java:33: error: cannot find symbol&#10;        ARAPIKey key = ARAPIKey.getInstance();&#10;                       ^&#10;  symbol:   variable ARAPIKey&#10;  location: class IntentActivity&#10;Note: /Users/proyecto_avas_intercultural/Documents/flutter/InCities_AR/android/app/src/main/java/com/example/kudan/IntentActivity.java uses or overrides a deprecated API.&#10;Note: Recompile with -Xlint:deprecation for details.&#10;25 errors&#10;&#10;&gt; Task :arcore_flutter_plugin:bundleLibResRelease&#10;&gt; Task :fluttertoast:bundleLibRuntimeRelease&#10;&#10;FAILURE: Build failed with an exception.&#10;&#10;* What went wrong:&#10;Execution failed for task ':app:compileReleaseJavaWithJavac'.&#10;&gt; Compilation failed; see the compiler error output for details.&#10;&#10;* Try:&#10;Run with --stacktrace option to get the stack trace. Run with --info or --debug option to get more log output. Run with --scan to get full insights.&#10;&#10;* Get more help at https://help.gradle.org&#10;&#10;BUILD FAILED in 22s&#10;74 actionable tasks: 65 executed, 9 up-to-date&#10;" />
        
      </testcase>
    
  </testsuite>
</testsuites>
